Command line invocation:
    /Applications/Xcode.app/Contents/Developer/usr/bin/xcodebuild -project /Users/rn/Project/swai/SmartWarehouseAI/SmartWarehouseAI.xcodeproj -scheme SmartWarehouseAI -destination "platform=iOS Simulator,name=iPhone 17" build

Resolve Package Graph


Resolved source packages:
  ZIPFoundation: https://github.com/weichsel/ZIPFoundation @ 0.9.19
  GRDB: https://github.com/groue/GRDB.swift @ 6.29.3

ComputePackagePrebuildTargetDependencyGraph

Prepare packages

CreateBuildRequest

SendProjectDescription

CreateBuildOperation

ComputeTargetDependencyGraph
note: Building targets in dependency order
note: Target dependency graph (8 targets)
    Target 'SmartWarehouseAI' in project 'SmartWarehouseAI'
        ➜ Explicit dependency on target 'GRDB' in project 'GRDB'
        ➜ Explicit dependency on target 'ZIPFoundation' in project 'ZIPFoundation'
    Target 'ZIPFoundation' in project 'ZIPFoundation'
        ➜ Explicit dependency on target 'ZIPFoundation' in project 'ZIPFoundation'
        ➜ Explicit dependency on target 'ZIPFoundation_ZIPFoundation' in project 'ZIPFoundation'
    Target 'ZIPFoundation' in project 'ZIPFoundation'
        ➜ Explicit dependency on target 'ZIPFoundation_ZIPFoundation' in project 'ZIPFoundation'
    Target 'ZIPFoundation_ZIPFoundation' in project 'ZIPFoundation' (no dependencies)
    Target 'GRDB' in project 'GRDB'
        ➜ Explicit dependency on target 'GRDB' in project 'GRDB'
        ➜ Explicit dependency on target 'GRDB_GRDB' in project 'GRDB'
    Target 'GRDB' in project 'GRDB'
        ➜ Explicit dependency on target 'GRDB_GRDB' in project 'GRDB'
        ➜ Explicit dependency on target 'CSQLite' in project 'GRDB'
    Target 'CSQLite' in project 'GRDB' (no dependencies)
    Target 'GRDB_GRDB' in project 'GRDB' (no dependencies)

GatherProvisioningInputs

CreateBuildDescription

ClangStatCache /Applications/Xcode.app/Contents/Developer/Toolchains/XcodeDefault.xctoolchain/usr/bin/clang-stat-cache /Applications/Xcode.app/Contents/Developer/Platforms/iPhoneSimulator.platform/Developer/SDKs/iPhoneSimulator26.0.sdk /Users/rn/Library/Developer/Xcode/DerivedData/SDKStatCaches.noindex/iphonesimulator26.0-23A339-26257891a6c027eb51374368541b8346.sdkstatcache
    cd /Users/rn/Project/swai/SmartWarehouseAI/SmartWarehouseAI.xcodeproj
    /Applications/Xcode.app/Contents/Developer/Toolchains/XcodeDefault.xctoolchain/usr/bin/clang-stat-cache /Applications/Xcode.app/Contents/Developer/Platforms/iPhoneSimulator.platform/Developer/SDKs/iPhoneSimulator26.0.sdk -o /Users/rn/Library/Developer/Xcode/DerivedData/SDKStatCaches.noindex/iphonesimulator26.0-23A339-26257891a6c027eb51374368541b8346.sdkstatcache

SwiftDriver SmartWarehouseAI normal arm64 com.apple.xcode.tools.swift.compiler (in target 'SmartWarehouseAI' from project 'SmartWarehouseAI')
    cd /Users/rn/Project/swai/SmartWarehouseAI
    builtin-SwiftDriver -- /Applications/Xcode.app/Contents/Developer/Toolchains/XcodeDefault.xctoolchain/usr/bin/swiftc -module-name SmartWarehouseAI -Onone -enforce-exclusivity\=checked @/Users/rn/Library/Developer/Xcode/DerivedData/SmartWarehouseAI-eshffexihtwvvlesqhrzwmwbnnnl/Build/Intermediates.noindex/SmartWarehouseAI.build/Debug-iphonesimulator/SmartWarehouseAI.build/Objects-normal/arm64/SmartWarehouseAI.SwiftFileList -DDEBUG -Xcc -fmodule-map-file\=/Users/rn/Library/Developer/Xcode/DerivedData/SmartWarehouseAI-eshffexihtwvvlesqhrzwmwbnnnl/SourcePackages/checkouts/GRDB.swift/Sources/CSQLite/module.modulemap -enable-bare-slash-regex -enable-experimental-feature DebugDescriptionMacro -sdk /Applications/Xcode.app/Contents/Developer/Platforms/iPhoneSimulator.platform/Developer/SDKs/iPhoneSimulator26.0.sdk -target arm64-apple-ios15.0-simulator -g -module-cache-path /Users/rn/Library/Developer/Xcode/DerivedData/ModuleCache.noindex -Xfrontend -serialize-debugging-options -enable-testing -index-store-path /Users/rn/Library/Developer/Xcode/DerivedData/SmartWarehouseAI-eshffexihtwvvlesqhrzwmwbnnnl/Index.noindex/DataStore -Xcc -D_LIBCPP_HARDENING_MODE\=_LIBCPP_HARDENING_MODE_DEBUG -swift-version 5 -I /Users/rn/Library/Developer/Xcode/DerivedData/SmartWarehouseAI-eshffexihtwvvlesqhrzwmwbnnnl/Build/Products/Debug-iphonesimulator -F /Users/rn/Library/Developer/Xcode/DerivedData/SmartWarehouseAI-eshffexihtwvvlesqhrzwmwbnnnl/Build/Products/Debug-iphonesimulator/PackageFrameworks -F /Users/rn/Library/Developer/Xcode/DerivedData/SmartWarehouseAI-eshffexihtwvvlesqhrzwmwbnnnl/Build/Products/Debug-iphonesimulator/PackageFrameworks -F /Users/rn/Library/Developer/Xcode/DerivedData/SmartWarehouseAI-eshffexihtwvvlesqhrzwmwbnnnl/Build/Products/Debug-iphonesimulator -emit-localized-strings -emit-localized-strings-path /Users/rn/Library/Developer/Xcode/DerivedData/SmartWarehouseAI-eshffexihtwvvlesqhrzwmwbnnnl/Build/Intermediates.noindex/SmartWarehouseAI.build/Debug-iphonesimulator/SmartWarehouseAI.build/Objects-normal/arm64 -c -j10 -enable-batch-mode -incremental -Xcc -ivfsstatcache -Xcc /Users/rn/Library/Developer/Xcode/DerivedData/SDKStatCaches.noindex/iphonesimulator26.0-23A339-26257891a6c027eb51374368541b8346.sdkstatcache -output-file-map /Users/rn/Library/Developer/Xcode/DerivedData/SmartWarehouseAI-eshffexihtwvvlesqhrzwmwbnnnl/Build/Intermediates.noindex/SmartWarehouseAI.build/Debug-iphonesimulator/SmartWarehouseAI.build/Objects-normal/arm64/SmartWarehouseAI-OutputFileMap.json -use-frontend-parseable-output -save-temps -no-color-diagnostics -explicit-module-build -module-cache-path /Users/rn/Library/Developer/Xcode/DerivedData/SmartWarehouseAI-eshffexihtwvvlesqhrzwmwbnnnl/Build/Intermediates.noindex/SwiftExplicitPrecompiledModules -clang-scanner-module-cache-path /Users/rn/Library/Developer/Xcode/DerivedData/ModuleCache.noindex -sdk-module-cache-path /Users/rn/Library/Developer/Xcode/DerivedData/ModuleCache.noindex -serialize-diagnostics -emit-dependencies -emit-module -emit-module-path /Users/rn/Library/Developer/Xcode/DerivedData/SmartWarehouseAI-eshffexihtwvvlesqhrzwmwbnnnl/Build/Intermediates.noindex/SmartWarehouseAI.build/Debug-iphonesimulator/SmartWarehouseAI.build/Objects-normal/arm64/SmartWarehouseAI.swiftmodule -validate-clang-modules-once -clang-build-session-file /Users/rn/Library/Developer/Xcode/DerivedData/ModuleCache.noindex/Session.modulevalidation -Xcc -I/Users/rn/Library/Developer/Xcode/DerivedData/SmartWarehouseAI-eshffexihtwvvlesqhrzwmwbnnnl/Build/Intermediates.noindex/SmartWarehouseAI.build/Debug-iphonesimulator/SmartWarehouseAI.build/swift-overrides.hmap -emit-const-values -Xfrontend -const-gather-protocols-file -Xfrontend /Users/rn/Library/Developer/Xcode/DerivedData/SmartWarehouseAI-eshffexihtwvvlesqhrzwmwbnnnl/Build/Intermediates.noindex/SmartWarehouseAI.build/Debug-iphonesimulator/SmartWarehouseAI.build/Objects-normal/arm64/SmartWarehouseAI_const_extract_protocols.json -Xcc -iquote -Xcc /Users/rn/Library/Developer/Xcode/DerivedData/SmartWarehouseAI-eshffexihtwvvlesqhrzwmwbnnnl/Build/Intermediates.noindex/SmartWarehouseAI.build/Debug-iphonesimulator/SmartWarehouseAI.build/SmartWarehouseAI-generated-files.hmap -Xcc -I/Users/rn/Library/Developer/Xcode/DerivedData/SmartWarehouseAI-eshffexihtwvvlesqhrzwmwbnnnl/Build/Intermediates.noindex/SmartWarehouseAI.build/Debug-iphonesimulator/SmartWarehouseAI.build/SmartWarehouseAI-own-target-headers.hmap -Xcc -I/Users/rn/Library/Developer/Xcode/DerivedData/SmartWarehouseAI-eshffexihtwvvlesqhrzwmwbnnnl/Build/Intermediates.noindex/SmartWarehouseAI.build/Debug-iphonesimulator/SmartWarehouseAI.build/SmartWarehouseAI-all-non-framework-target-headers.hmap -Xcc -ivfsoverlay -Xcc /Users/rn/Library/Developer/Xcode/DerivedData/SmartWarehouseAI-eshffexihtwvvlesqhrzwmwbnnnl/Build/Intermediates.noindex/SmartWarehouseAI.build/Debug-iphonesimulator/SmartWarehouseAI-68b7b432578c4247c567003edbdaf3af-VFS-iphonesimulator/all-product-headers.yaml -Xcc -iquote -Xcc /Users/rn/Library/Developer/Xcode/DerivedData/SmartWarehouseAI-eshffexihtwvvlesqhrzwmwbnnnl/Build/Intermediates.noindex/SmartWarehouseAI.build/Debug-iphonesimulator/SmartWarehouseAI.build/SmartWarehouseAI-project-headers.hmap -Xcc -I/Users/rn/Library/Developer/Xcode/DerivedData/SmartWarehouseAI-eshffexihtwvvlesqhrzwmwbnnnl/Build/Products/Debug-iphonesimulator/include -Xcc -I/Users/rn/Library/Developer/Xcode/DerivedData/SmartWarehouseAI-eshffexihtwvvlesqhrzwmwbnnnl/Build/Intermediates.noindex/SmartWarehouseAI.build/Debug-iphonesimulator/SmartWarehouseAI.build/DerivedSources-normal/arm64 -Xcc -I/Users/rn/Library/Developer/Xcode/DerivedData/SmartWarehouseAI-eshffexihtwvvlesqhrzwmwbnnnl/Build/Intermediates.noindex/SmartWarehouseAI.build/Debug-iphonesimulator/SmartWarehouseAI.build/DerivedSources/arm64 -Xcc -I/Users/rn/Library/Developer/Xcode/DerivedData/SmartWarehouseAI-eshffexihtwvvlesqhrzwmwbnnnl/Build/Intermediates.noindex/SmartWarehouseAI.build/Debug-iphonesimulator/SmartWarehouseAI.build/DerivedSources -Xcc -DDEBUG\=1 -emit-objc-header -emit-objc-header-path /Users/rn/Library/Developer/Xcode/DerivedData/SmartWarehouseAI-eshffexihtwvvlesqhrzwmwbnnnl/Build/Intermediates.noindex/SmartWarehouseAI.build/Debug-iphonesimulator/SmartWarehouseAI.build/Objects-normal/arm64/SmartWarehouseAI-Swift.h -working-directory /Users/rn/Project/swai/SmartWarehouseAI -experimental-emit-module-separately -disable-cmo

SwiftCompile normal arm64 Compiling\ DashboardView.swift,\ ItemsView.swift,\ InventoryView.swift /Users/rn/Project/swai/SmartWarehouseAI/SmartWarehouseAI/UI/DashboardView.swift /Users/rn/Project/swai/SmartWarehouseAI/SmartWarehouseAI/UI/ItemsView.swift /Users/rn/Project/swai/SmartWarehouseAI/SmartWarehouseAI/UI/InventoryView.swift (in target 'SmartWarehouseAI' from project 'SmartWarehouseAI')

SwiftCompile normal arm64 /Users/rn/Project/swai/SmartWarehouseAI/SmartWarehouseAI/UI/DashboardView.swift (in target 'SmartWarehouseAI' from project 'SmartWarehouseAI')
    cd /Users/rn/Project/swai/SmartWarehouseAI
    

SwiftCompile normal arm64 /Users/rn/Project/swai/SmartWarehouseAI/SmartWarehouseAI/UI/ItemsView.swift (in target 'SmartWarehouseAI' from project 'SmartWarehouseAI')
    cd /Users/rn/Project/swai/SmartWarehouseAI
    

SwiftCompile normal arm64 /Users/rn/Project/swai/SmartWarehouseAI/SmartWarehouseAI/UI/InventoryView.swift (in target 'SmartWarehouseAI' from project 'SmartWarehouseAI')
    cd /Users/rn/Project/swai/SmartWarehouseAI
    

SwiftCompile normal arm64 Compiling\ SmartWarehouseAIApp.swift,\ ContentView.swift,\ AppSettings.swift /Users/rn/Project/swai/SmartWarehouseAI/SmartWarehouseAI/SmartWarehouseAIApp.swift /Users/rn/Project/swai/SmartWarehouseAI/SmartWarehouseAI/ContentView.swift /Users/rn/Project/swai/SmartWarehouseAI/SmartWarehouseAI/App/AppSettings.swift (in target 'SmartWarehouseAI' from project 'SmartWarehouseAI')

SwiftCompile normal arm64 /Users/rn/Project/swai/SmartWarehouseAI/SmartWarehouseAI/SmartWarehouseAIApp.swift (in target 'SmartWarehouseAI' from project 'SmartWarehouseAI')
    cd /Users/rn/Project/swai/SmartWarehouseAI
    

SwiftCompile normal arm64 /Users/rn/Project/swai/SmartWarehouseAI/SmartWarehouseAI/ContentView.swift (in target 'SmartWarehouseAI' from project 'SmartWarehouseAI')
    cd /Users/rn/Project/swai/SmartWarehouseAI
    

SwiftCompile normal arm64 /Users/rn/Project/swai/SmartWarehouseAI/SmartWarehouseAI/App/AppSettings.swift (in target 'SmartWarehouseAI' from project 'SmartWarehouseAI')
    cd /Users/rn/Project/swai/SmartWarehouseAI
    

SwiftCompile normal arm64 Compiling\ ItemService.swift,\ StockService.swift /Users/rn/Project/swai/SmartWarehouseAI/SmartWarehouseAI/Core/CRUD/ItemService.swift /Users/rn/Project/swai/SmartWarehouseAI/SmartWarehouseAI/Core/CRUD/StockService.swift (in target 'SmartWarehouseAI' from project 'SmartWarehouseAI')

SwiftCompile normal arm64 /Users/rn/Project/swai/SmartWarehouseAI/SmartWarehouseAI/Core/CRUD/ItemService.swift (in target 'SmartWarehouseAI' from project 'SmartWarehouseAI')
    cd /Users/rn/Project/swai/SmartWarehouseAI
    
/Users/rn/Project/swai/SmartWarehouseAI/SmartWarehouseAI/Core/CRUD/ItemService.swift:22:17: warning: reference to captured var 'mutableItem' in concurrently-executing code; this is an error in the Swift 6 language mode
            try mutableItem.insert(db)
                ^
/Users/rn/Project/swai/SmartWarehouseAI/SmartWarehouseAI/Core/CRUD/ItemService.swift:126:17: warning: reference to captured var 'mutableItem' in concurrently-executing code; this is an error in the Swift 6 language mode
            try mutableItem.update(db)
                ^
/Users/rn/Project/swai/SmartWarehouseAI/SmartWarehouseAI/Core/CRUD/ItemService.swift:133:44: warning: result of call to 'write' is unused
        try await dbManager.getDatabase()?.write { db in
                                           ^     ~~~~~~~
/Users/rn/Project/swai/SmartWarehouseAI/SmartWarehouseAI/Core/CRUD/ItemService.swift:139:44: warning: result of call to 'write' is unused
        try await dbManager.getDatabase()?.write { db in
                                           ^     ~~~~~~~
/Users/rn/Project/swai/SmartWarehouseAI/SmartWarehouseAI/Core/CRUD/ItemService.swift:145:44: warning: result of call to 'write' is unused
        try await dbManager.getDatabase()?.write { db in
                                           ^     ~~~~~~~

SwiftCompile normal arm64 /Users/rn/Project/swai/SmartWarehouseAI/SmartWarehouseAI/Core/CRUD/StockService.swift (in target 'SmartWarehouseAI' from project 'SmartWarehouseAI')
    cd /Users/rn/Project/swai/SmartWarehouseAI
    
/Users/rn/Project/swai/SmartWarehouseAI/SmartWarehouseAI/Core/CRUD/StockService.swift:21:17: warning: reference to captured var 'mutableStock' in concurrently-executing code; this is an error in the Swift 6 language mode
            try mutableStock.insert(db)
                ^
/Users/rn/Project/swai/SmartWarehouseAI/SmartWarehouseAI/Core/CRUD/StockService.swift:108:17: warning: reference to captured var 'mutableStock' in concurrently-executing code; this is an error in the Swift 6 language mode
            try mutableStock.update(db)
                ^
/Users/rn/Project/swai/SmartWarehouseAI/SmartWarehouseAI/Core/CRUD/StockService.swift:125:21: warning: variable 'newStock' was never mutated; consider changing to 'let' constant
                var newStock = Stock(
                ~~~ ^
                let
/Users/rn/Project/swai/SmartWarehouseAI/SmartWarehouseAI/Core/CRUD/StockService.swift:147:21: warning: variable 'newStock' was never mutated; consider changing to 'let' constant
                var newStock = Stock(
                ~~~ ^
                let
/Users/rn/Project/swai/SmartWarehouseAI/SmartWarehouseAI/Core/CRUD/StockService.swift:159:44: warning: result of call to 'write' is unused
        try await dbManager.getDatabase()?.write { db in
                                           ^     ~~~~~~~
/Users/rn/Project/swai/SmartWarehouseAI/SmartWarehouseAI/Core/CRUD/StockService.swift:165:44: warning: result of call to 'write' is unused
        try await dbManager.getDatabase()?.write { db in
                                           ^     ~~~~~~~
/Users/rn/Project/swai/SmartWarehouseAI/SmartWarehouseAI/Core/CRUD/StockService.swift:171:44: warning: result of call to 'write' is unused
        try await dbManager.getDatabase()?.write { db in
                                           ^     ~~~~~~~

SwiftCompile normal arm64 Compiling\ SearchView.swift,\ SettingsView.swift,\ DatabaseManager.swift /Users/rn/Project/swai/SmartWarehouseAI/SmartWarehouseAI/UI/SearchView.swift /Users/rn/Project/swai/SmartWarehouseAI/SmartWarehouseAI/UI/SettingsView.swift /Users/rn/Project/swai/SmartWarehouseAI/SmartWarehouseAI/Core/Database/DatabaseManager.swift (in target 'SmartWarehouseAI' from project 'SmartWarehouseAI')
SwiftCompile normal arm64 /Users/rn/Project/swai/SmartWarehouseAI/SmartWarehouseAI/UI/SearchView.swift (in target 'SmartWarehouseAI' from project 'SmartWarehouseAI')
    cd /Users/rn/Project/swai/SmartWarehouseAI
    

SwiftCompile normal arm64 /Users/rn/Project/swai/SmartWarehouseAI/SmartWarehouseAI/UI/SettingsView.swift (in target 'SmartWarehouseAI' from project 'SmartWarehouseAI')
    cd /Users/rn/Project/swai/SmartWarehouseAI
    

SwiftCompile normal arm64 /Users/rn/Project/swai/SmartWarehouseAI/SmartWarehouseAI/Core/Database/DatabaseManager.swift (in target 'SmartWarehouseAI' from project 'SmartWarehouseAI')
    cd /Users/rn/Project/swai/SmartWarehouseAI
    
/Users/rn/Project/swai/SmartWarehouseAI/SmartWarehouseAI/Core/Database/DatabaseManager.swift:121:22: warning: result of call to 'write' is unused
        try dbQueue?.write { db in
                     ^     ~~~~~~~
/Users/rn/Project/swai/SmartWarehouseAI/SmartWarehouseAI/Core/Database/DatabaseManager.swift:155:22: warning: result of call to 'write' is unused
        try dbQueue?.write { db in
                     ^     ~~~~~~~
/Users/rn/Project/swai/SmartWarehouseAI/SmartWarehouseAI/Core/Database/DatabaseManager.swift:189:22: warning: result of call to 'write' is unused
        try dbQueue?.write { db in
                     ^     ~~~~~~~
/Users/rn/Project/swai/SmartWarehouseAI/SmartWarehouseAI/Core/Database/DatabaseManager.swift:210:22: warning: result of call to 'write' is unused
        try dbQueue?.write { db in
                     ^     ~~~~~~~

SwiftCompile normal arm64 Compiling\ PDFParserTypes.swift,\ TableBasedPDFParser.swift /Users/rn/Project/swai/SmartWarehouseAI/SmartWarehouseAI/Core/Integrations/PDFParserTypes.swift /Users/rn/Project/swai/SmartWarehouseAI/SmartWarehouseAI/Core/Integrations/TableBasedPDFParser.swift (in target 'SmartWarehouseAI' from project 'SmartWarehouseAI')

SwiftCompile normal arm64 /Users/rn/Project/swai/SmartWarehouseAI/SmartWarehouseAI/Core/Integrations/PDFParserTypes.swift (in target 'SmartWarehouseAI' from project 'SmartWarehouseAI')
    cd /Users/rn/Project/swai/SmartWarehouseAI
    

SwiftCompile normal arm64 /Users/rn/Project/swai/SmartWarehouseAI/SmartWarehouseAI/Core/Integrations/TableBasedPDFParser.swift (in target 'SmartWarehouseAI' from project 'SmartWarehouseAI')
    cd /Users/rn/Project/swai/SmartWarehouseAI
    
/Users/rn/Project/swai/SmartWarehouseAI/SmartWarehouseAI/Core/Integrations/TableBasedPDFParser.swift:37:13: warning: variable 'errors' was never mutated; consider changing to 'let' constant
        var errors: [String] = []
        ~~~ ^
        let

SwiftCompile normal arm64 Compiling\ Part.swift,\ KeychainHelper.swift /Users/rn/Project/swai/SmartWarehouseAI/SmartWarehouseAI/Core/Database/Models/Part.swift /Users/rn/Project/swai/SmartWarehouseAI/SmartWarehouseAI/Core/Security/KeychainHelper.swift (in target 'SmartWarehouseAI' from project 'SmartWarehouseAI')

SwiftCompile normal arm64 /Users/rn/Project/swai/SmartWarehouseAI/SmartWarehouseAI/Core/Database/Models/Part.swift (in target 'SmartWarehouseAI' from project 'SmartWarehouseAI')
    cd /Users/rn/Project/swai/SmartWarehouseAI
    

SwiftCompile normal arm64 /Users/rn/Project/swai/SmartWarehouseAI/SmartWarehouseAI/Core/Security/KeychainHelper.swift (in target 'SmartWarehouseAI' from project 'SmartWarehouseAI')
    cd /Users/rn/Project/swai/SmartWarehouseAI
    

SwiftCompile normal arm64 Compiling\ PDFImportView.swift,\ FTS5Search.swift /Users/rn/Project/swai/SmartWarehouseAI/SmartWarehouseAI/UI/PDFImportView.swift /Users/rn/Project/swai/SmartWarehouseAI/SmartWarehouseAI/Core/Search/FTS5Search.swift (in target 'SmartWarehouseAI' from project 'SmartWarehouseAI')
SwiftCompile normal arm64 /Users/rn/Project/swai/SmartWarehouseAI/SmartWarehouseAI/UI/PDFImportView.swift (in target 'SmartWarehouseAI' from project 'SmartWarehouseAI')
    cd /Users/rn/Project/swai/SmartWarehouseAI
    

SwiftCompile normal arm64 /Users/rn/Project/swai/SmartWarehouseAI/SmartWarehouseAI/Core/Search/FTS5Search.swift (in target 'SmartWarehouseAI' from project 'SmartWarehouseAI')
    cd /Users/rn/Project/swai/SmartWarehouseAI
    

SwiftCompile normal arm64 Compiling\ Item.swift,\ Stock.swift,\ Kit.swift /Users/rn/Project/swai/SmartWarehouseAI/SmartWarehouseAI/Core/Database/Models/Item.swift /Users/rn/Project/swai/SmartWarehouseAI/SmartWarehouseAI/Core/Database/Models/Stock.swift /Users/rn/Project/swai/SmartWarehouseAI/SmartWarehouseAI/Core/Database/Models/Kit.swift (in target 'SmartWarehouseAI' from project 'SmartWarehouseAI')

SwiftCompile normal arm64 /Users/rn/Project/swai/SmartWarehouseAI/SmartWarehouseAI/Core/Database/Models/Item.swift (in target 'SmartWarehouseAI' from project 'SmartWarehouseAI')
    cd /Users/rn/Project/swai/SmartWarehouseAI
    

SwiftCompile normal arm64 /Users/rn/Project/swai/SmartWarehouseAI/SmartWarehouseAI/Core/Database/Models/Stock.swift (in target 'SmartWarehouseAI' from project 'SmartWarehouseAI')
    cd /Users/rn/Project/swai/SmartWarehouseAI
    

SwiftCompile normal arm64 /Users/rn/Project/swai/SmartWarehouseAI/SmartWarehouseAI/Core/Database/Models/Kit.swift (in target 'SmartWarehouseAI' from project 'SmartWarehouseAI')
    cd /Users/rn/Project/swai/SmartWarehouseAI
    

SwiftCompile normal arm64 Compiling\ KitService.swift,\ InventoryLogic.swift /Users/rn/Project/swai/SmartWarehouseAI/SmartWarehouseAI/Core/CRUD/KitService.swift /Users/rn/Project/swai/SmartWarehouseAI/SmartWarehouseAI/Core/Logic/InventoryLogic.swift (in target 'SmartWarehouseAI' from project 'SmartWarehouseAI')

SwiftCompile normal arm64 /Users/rn/Project/swai/SmartWarehouseAI/SmartWarehouseAI/Core/CRUD/KitService.swift (in target 'SmartWarehouseAI' from project 'SmartWarehouseAI')
    cd /Users/rn/Project/swai/SmartWarehouseAI
    
/Users/rn/Project/swai/SmartWarehouseAI/SmartWarehouseAI/Core/CRUD/KitService.swift:22:17: warning: reference to captured var 'mutableKit' in concurrently-executing code; this is an error in the Swift 6 language mode
            try mutableKit.insert(db)
                ^
/Users/rn/Project/swai/SmartWarehouseAI/SmartWarehouseAI/Core/CRUD/KitService.swift:86:17: warning: reference to captured var 'mutableKit' in concurrently-executing code; this is an error in the Swift 6 language mode
            try mutableKit.update(db)
                ^
/Users/rn/Project/swai/SmartWarehouseAI/SmartWarehouseAI/Core/CRUD/KitService.swift:91:44: warning: result of call to 'write' is unused
        try await dbManager.getDatabase()?.write { db in
                                           ^     ~~~~~~~
/Users/rn/Project/swai/SmartWarehouseAI/SmartWarehouseAI/Core/CRUD/KitService.swift:97:44: warning: result of call to 'write' is unused
        try await dbManager.getDatabase()?.write { db in
                                           ^     ~~~~~~~
/Users/rn/Project/swai/SmartWarehouseAI/SmartWarehouseAI/Core/CRUD/KitService.swift:105:13: warning: variable 'part' was never mutated; consider changing to 'let' constant
        var part = Part(
        ~~~ ^
        let
/Users/rn/Project/swai/SmartWarehouseAI/SmartWarehouseAI/Core/CRUD/KitService.swift:112:17: warning: reference to captured var 'part' in concurrently-executing code; this is an error in the Swift 6 language mode
            try part.insert(db)
                ^
/Users/rn/Project/swai/SmartWarehouseAI/SmartWarehouseAI/Core/CRUD/KitService.swift:135:44: warning: result of call to 'write' is unused
        try await dbManager.getDatabase()?.write { db in
                                           ^     ~~~~~~~
/Users/rn/Project/swai/SmartWarehouseAI/SmartWarehouseAI/Core/CRUD/KitService.swift:141:44: warning: result of call to 'write' is unused
        try await dbManager.getDatabase()?.write { db in
                                           ^     ~~~~~~~
/Users/rn/Project/swai/SmartWarehouseAI/SmartWarehouseAI/Core/CRUD/KitService.swift:147:44: warning: result of call to 'write' is unused
        try await dbManager.getDatabase()?.write { db in
                                           ^     ~~~~~~~

SwiftCompile normal arm64 /Users/rn/Project/swai/SmartWarehouseAI/SmartWarehouseAI/Core/Logic/InventoryLogic.swift (in target 'SmartWarehouseAI' from project 'SmartWarehouseAI')
    cd /Users/rn/Project/swai/SmartWarehouseAI
    

SwiftEmitModule normal arm64 Emitting\ module\ for\ SmartWarehouseAI (in target 'SmartWarehouseAI' from project 'SmartWarehouseAI')

EmitSwiftModule normal arm64 (in target 'SmartWarehouseAI' from project 'SmartWarehouseAI')
    cd /Users/rn/Project/swai/SmartWarehouseAI
    

SwiftCompile normal arm64 Compiling\ OCRBasedPDFParser.swift,\ PDFImportService.swift /Users/rn/Project/swai/SmartWarehouseAI/SmartWarehouseAI/Core/Integrations/OCRBasedPDFParser.swift /Users/rn/Project/swai/SmartWarehouseAI/SmartWarehouseAI/Core/Integrations/PDFImportService.swift (in target 'SmartWarehouseAI' from project 'SmartWarehouseAI')

SwiftCompile normal arm64 /Users/rn/Project/swai/SmartWarehouseAI/SmartWarehouseAI/Core/Integrations/OCRBasedPDFParser.swift (in target 'SmartWarehouseAI' from project 'SmartWarehouseAI')
    cd /Users/rn/Project/swai/SmartWarehouseAI
    

SwiftCompile normal arm64 /Users/rn/Project/swai/SmartWarehouseAI/SmartWarehouseAI/Core/Integrations/PDFImportService.swift (in target 'SmartWarehouseAI' from project 'SmartWarehouseAI')
    cd /Users/rn/Project/swai/SmartWarehouseAI
    

SwiftDriverJobDiscovery normal arm64 Compiling Part.swift, KeychainHelper.swift (in target 'SmartWarehouseAI' from project 'SmartWarehouseAI')

SwiftDriverJobDiscovery normal arm64 Compiling SmartWarehouseAIApp.swift, ContentView.swift, AppSettings.swift (in target 'SmartWarehouseAI' from project 'SmartWarehouseAI')

SwiftDriverJobDiscovery normal arm64 Compiling Item.swift, Stock.swift, Kit.swift (in target 'SmartWarehouseAI' from project 'SmartWarehouseAI')

SwiftDriverJobDiscovery normal arm64 Compiling ItemService.swift, StockService.swift (in target 'SmartWarehouseAI' from project 'SmartWarehouseAI')

SwiftDriverJobDiscovery normal arm64 Emitting module for SmartWarehouseAI (in target 'SmartWarehouseAI' from project 'SmartWarehouseAI')

SwiftDriver\ Compilation\ Requirements SmartWarehouseAI normal arm64 com.apple.xcode.tools.swift.compiler (in target 'SmartWarehouseAI' from project 'SmartWarehouseAI')
    cd /Users/rn/Project/swai/SmartWarehouseAI
    builtin-Swift-Compilation-Requirements -- /Applications/Xcode.app/Contents/Developer/Toolchains/XcodeDefault.xctoolchain/usr/bin/swiftc -module-name SmartWarehouseAI -Onone -enforce-exclusivity\=checked @/Users/rn/Library/Developer/Xcode/DerivedData/SmartWarehouseAI-eshffexihtwvvlesqhrzwmwbnnnl/Build/Intermediates.noindex/SmartWarehouseAI.build/Debug-iphonesimulator/SmartWarehouseAI.build/Objects-normal/arm64/SmartWarehouseAI.SwiftFileList -DDEBUG -Xcc -fmodule-map-file\=/Users/rn/Library/Developer/Xcode/DerivedData/SmartWarehouseAI-eshffexihtwvvlesqhrzwmwbnnnl/SourcePackages/checkouts/GRDB.swift/Sources/CSQLite/module.modulemap -enable-bare-slash-regex -enable-experimental-feature DebugDescriptionMacro -sdk /Applications/Xcode.app/Contents/Developer/Platforms/iPhoneSimulator.platform/Developer/SDKs/iPhoneSimulator26.0.sdk -target arm64-apple-ios15.0-simulator -g -module-cache-path /Users/rn/Library/Developer/Xcode/DerivedData/ModuleCache.noindex -Xfrontend -serialize-debugging-options -enable-testing -index-store-path /Users/rn/Library/Developer/Xcode/DerivedData/SmartWarehouseAI-eshffexihtwvvlesqhrzwmwbnnnl/Index.noindex/DataStore -Xcc -D_LIBCPP_HARDENING_MODE\=_LIBCPP_HARDENING_MODE_DEBUG -swift-version 5 -I /Users/rn/Library/Developer/Xcode/DerivedData/SmartWarehouseAI-eshffexihtwvvlesqhrzwmwbnnnl/Build/Products/Debug-iphonesimulator -F /Users/rn/Library/Developer/Xcode/DerivedData/SmartWarehouseAI-eshffexihtwvvlesqhrzwmwbnnnl/Build/Products/Debug-iphonesimulator/PackageFrameworks -F /Users/rn/Library/Developer/Xcode/DerivedData/SmartWarehouseAI-eshffexihtwvvlesqhrzwmwbnnnl/Build/Products/Debug-iphonesimulator/PackageFrameworks -F /Users/rn/Library/Developer/Xcode/DerivedData/SmartWarehouseAI-eshffexihtwvvlesqhrzwmwbnnnl/Build/Products/Debug-iphonesimulator -emit-localized-strings -emit-localized-strings-path /Users/rn/Library/Developer/Xcode/DerivedData/SmartWarehouseAI-eshffexihtwvvlesqhrzwmwbnnnl/Build/Intermediates.noindex/SmartWarehouseAI.build/Debug-iphonesimulator/SmartWarehouseAI.build/Objects-normal/arm64 -c -j10 -enable-batch-mode -incremental -Xcc -ivfsstatcache -Xcc /Users/rn/Library/Developer/Xcode/DerivedData/SDKStatCaches.noindex/iphonesimulator26.0-23A339-26257891a6c027eb51374368541b8346.sdkstatcache -output-file-map /Users/rn/Library/Developer/Xcode/DerivedData/SmartWarehouseAI-eshffexihtwvvlesqhrzwmwbnnnl/Build/Intermediates.noindex/SmartWarehouseAI.build/Debug-iphonesimulator/SmartWarehouseAI.build/Objects-normal/arm64/SmartWarehouseAI-OutputFileMap.json -use-frontend-parseable-output -save-temps -no-color-diagnostics -explicit-module-build -module-cache-path /Users/rn/Library/Developer/Xcode/DerivedData/SmartWarehouseAI-eshffexihtwvvlesqhrzwmwbnnnl/Build/Intermediates.noindex/SwiftExplicitPrecompiledModules -clang-scanner-module-cache-path /Users/rn/Library/Developer/Xcode/DerivedData/ModuleCache.noindex -sdk-module-cache-path /Users/rn/Library/Developer/Xcode/DerivedData/ModuleCache.noindex -serialize-diagnostics -emit-dependencies -emit-module -emit-module-path /Users/rn/Library/Developer/Xcode/DerivedData/SmartWarehouseAI-eshffexihtwvvlesqhrzwmwbnnnl/Build/Intermediates.noindex/SmartWarehouseAI.build/Debug-iphonesimulator/SmartWarehouseAI.build/Objects-normal/arm64/SmartWarehouseAI.swiftmodule -validate-clang-modules-once -clang-build-session-file /Users/rn/Library/Developer/Xcode/DerivedData/ModuleCache.noindex/Session.modulevalidation -Xcc -I/Users/rn/Library/Developer/Xcode/DerivedData/SmartWarehouseAI-eshffexihtwvvlesqhrzwmwbnnnl/Build/Intermediates.noindex/SmartWarehouseAI.build/Debug-iphonesimulator/SmartWarehouseAI.build/swift-overrides.hmap -emit-const-values -Xfrontend -const-gather-protocols-file -Xfrontend /Users/rn/Library/Developer/Xcode/DerivedData/SmartWarehouseAI-eshffexihtwvvlesqhrzwmwbnnnl/Build/Intermediates.noindex/SmartWarehouseAI.build/Debug-iphonesimulator/SmartWarehouseAI.build/Objects-normal/arm64/SmartWarehouseAI_const_extract_protocols.json -Xcc -iquote -Xcc /Users/rn/Library/Developer/Xcode/DerivedData/SmartWarehouseAI-eshffexihtwvvlesqhrzwmwbnnnl/Build/Intermediates.noindex/SmartWarehouseAI.build/Debug-iphonesimulator/SmartWarehouseAI.build/SmartWarehouseAI-generated-files.hmap -Xcc -I/Users/rn/Library/Developer/Xcode/DerivedData/SmartWarehouseAI-eshffexihtwvvlesqhrzwmwbnnnl/Build/Intermediates.noindex/SmartWarehouseAI.build/Debug-iphonesimulator/SmartWarehouseAI.build/SmartWarehouseAI-own-target-headers.hmap -Xcc -I/Users/rn/Library/Developer/Xcode/DerivedData/SmartWarehouseAI-eshffexihtwvvlesqhrzwmwbnnnl/Build/Intermediates.noindex/SmartWarehouseAI.build/Debug-iphonesimulator/SmartWarehouseAI.build/SmartWarehouseAI-all-non-framework-target-headers.hmap -Xcc -ivfsoverlay -Xcc /Users/rn/Library/Developer/Xcode/DerivedData/SmartWarehouseAI-eshffexihtwvvlesqhrzwmwbnnnl/Build/Intermediates.noindex/SmartWarehouseAI.build/Debug-iphonesimulator/SmartWarehouseAI-68b7b432578c4247c567003edbdaf3af-VFS-iphonesimulator/all-product-headers.yaml -Xcc -iquote -Xcc /Users/rn/Library/Developer/Xcode/DerivedData/SmartWarehouseAI-eshffexihtwvvlesqhrzwmwbnnnl/Build/Intermediates.noindex/SmartWarehouseAI.build/Debug-iphonesimulator/SmartWarehouseAI.build/SmartWarehouseAI-project-headers.hmap -Xcc -I/Users/rn/Library/Developer/Xcode/DerivedData/SmartWarehouseAI-eshffexihtwvvlesqhrzwmwbnnnl/Build/Products/Debug-iphonesimulator/include -Xcc -I/Users/rn/Library/Developer/Xcode/DerivedData/SmartWarehouseAI-eshffexihtwvvlesqhrzwmwbnnnl/Build/Intermediates.noindex/SmartWarehouseAI.build/Debug-iphonesimulator/SmartWarehouseAI.build/DerivedSources-normal/arm64 -Xcc -I/Users/rn/Library/Developer/Xcode/DerivedData/SmartWarehouseAI-eshffexihtwvvlesqhrzwmwbnnnl/Build/Intermediates.noindex/SmartWarehouseAI.build/Debug-iphonesimulator/SmartWarehouseAI.build/DerivedSources/arm64 -Xcc -I/Users/rn/Library/Developer/Xcode/DerivedData/SmartWarehouseAI-eshffexihtwvvlesqhrzwmwbnnnl/Build/Intermediates.noindex/SmartWarehouseAI.build/Debug-iphonesimulator/SmartWarehouseAI.build/DerivedSources -Xcc -DDEBUG\=1 -emit-objc-header -emit-objc-header-path /Users/rn/Library/Developer/Xcode/DerivedData/SmartWarehouseAI-eshffexihtwvvlesqhrzwmwbnnnl/Build/Intermediates.noindex/SmartWarehouseAI.build/Debug-iphonesimulator/SmartWarehouseAI.build/Objects-normal/arm64/SmartWarehouseAI-Swift.h -working-directory /Users/rn/Project/swai/SmartWarehouseAI -experimental-emit-module-separately -disable-cmo

Copy /Users/rn/Library/Developer/Xcode/DerivedData/SmartWarehouseAI-eshffexihtwvvlesqhrzwmwbnnnl/Build/Products/Debug-iphonesimulator/SmartWarehouseAI.swiftmodule/arm64-apple-ios-simulator.abi.json /Users/rn/Library/Developer/Xcode/DerivedData/SmartWarehouseAI-eshffexihtwvvlesqhrzwmwbnnnl/Build/Intermediates.noindex/SmartWarehouseAI.build/Debug-iphonesimulator/SmartWarehouseAI.build/Objects-normal/arm64/SmartWarehouseAI.abi.json (in target 'SmartWarehouseAI' from project 'SmartWarehouseAI')
    cd /Users/rn/Project/swai/SmartWarehouseAI
    builtin-copy -exclude .DS_Store -exclude CVS -exclude .svn -exclude .git -exclude .hg -resolve-src-symlinks -rename /Users/rn/Library/Developer/Xcode/DerivedData/SmartWarehouseAI-eshffexihtwvvlesqhrzwmwbnnnl/Build/Intermediates.noindex/SmartWarehouseAI.build/Debug-iphonesimulator/SmartWarehouseAI.build/Objects-normal/arm64/SmartWarehouseAI.abi.json /Users/rn/Library/Developer/Xcode/DerivedData/SmartWarehouseAI-eshffexihtwvvlesqhrzwmwbnnnl/Build/Products/Debug-iphonesimulator/SmartWarehouseAI.swiftmodule/arm64-apple-ios-simulator.abi.json

Copy /Users/rn/Library/Developer/Xcode/DerivedData/SmartWarehouseAI-eshffexihtwvvlesqhrzwmwbnnnl/Build/Products/Debug-iphonesimulator/SmartWarehouseAI.swiftmodule/arm64-apple-ios-simulator.swiftdoc /Users/rn/Library/Developer/Xcode/DerivedData/SmartWarehouseAI-eshffexihtwvvlesqhrzwmwbnnnl/Build/Intermediates.noindex/SmartWarehouseAI.build/Debug-iphonesimulator/SmartWarehouseAI.build/Objects-normal/arm64/SmartWarehouseAI.swiftdoc (in target 'SmartWarehouseAI' from project 'SmartWarehouseAI')
    cd /Users/rn/Project/swai/SmartWarehouseAI
    builtin-copy -exclude .DS_Store -exclude CVS -exclude .svn -exclude .git -exclude .hg -resolve-src-symlinks -rename /Users/rn/Library/Developer/Xcode/DerivedData/SmartWarehouseAI-eshffexihtwvvlesqhrzwmwbnnnl/Build/Intermediates.noindex/SmartWarehouseAI.build/Debug-iphonesimulator/SmartWarehouseAI.build/Objects-normal/arm64/SmartWarehouseAI.swiftdoc /Users/rn/Library/Developer/Xcode/DerivedData/SmartWarehouseAI-eshffexihtwvvlesqhrzwmwbnnnl/Build/Products/Debug-iphonesimulator/SmartWarehouseAI.swiftmodule/arm64-apple-ios-simulator.swiftdoc

Copy /Users/rn/Library/Developer/Xcode/DerivedData/SmartWarehouseAI-eshffexihtwvvlesqhrzwmwbnnnl/Build/Products/Debug-iphonesimulator/SmartWarehouseAI.swiftmodule/arm64-apple-ios-simulator.swiftmodule /Users/rn/Library/Developer/Xcode/DerivedData/SmartWarehouseAI-eshffexihtwvvlesqhrzwmwbnnnl/Build/Intermediates.noindex/SmartWarehouseAI.build/Debug-iphonesimulator/SmartWarehouseAI.build/Objects-normal/arm64/SmartWarehouseAI.swiftmodule (in target 'SmartWarehouseAI' from project 'SmartWarehouseAI')
    cd /Users/rn/Project/swai/SmartWarehouseAI
    builtin-copy -exclude .DS_Store -exclude CVS -exclude .svn -exclude .git -exclude .hg -resolve-src-symlinks -rename /Users/rn/Library/Developer/Xcode/DerivedData/SmartWarehouseAI-eshffexihtwvvlesqhrzwmwbnnnl/Build/Intermediates.noindex/SmartWarehouseAI.build/Debug-iphonesimulator/SmartWarehouseAI.build/Objects-normal/arm64/SmartWarehouseAI.swiftmodule /Users/rn/Library/Developer/Xcode/DerivedData/SmartWarehouseAI-eshffexihtwvvlesqhrzwmwbnnnl/Build/Products/Debug-iphonesimulator/SmartWarehouseAI.swiftmodule/arm64-apple-ios-simulator.swiftmodule

Copy /Users/rn/Library/Developer/Xcode/DerivedData/SmartWarehouseAI-eshffexihtwvvlesqhrzwmwbnnnl/Build/Products/Debug-iphonesimulator/SmartWarehouseAI.swiftmodule/Project/arm64-apple-ios-simulator.swiftsourceinfo /Users/rn/Library/Developer/Xcode/DerivedData/SmartWarehouseAI-eshffexihtwvvlesqhrzwmwbnnnl/Build/Intermediates.noindex/SmartWarehouseAI.build/Debug-iphonesimulator/SmartWarehouseAI.build/Objects-normal/arm64/SmartWarehouseAI.swiftsourceinfo (in target 'SmartWarehouseAI' from project 'SmartWarehouseAI')
    cd /Users/rn/Project/swai/SmartWarehouseAI
    builtin-copy -exclude .DS_Store -exclude CVS -exclude .svn -exclude .git -exclude .hg -resolve-src-symlinks -rename /Users/rn/Library/Developer/Xcode/DerivedData/SmartWarehouseAI-eshffexihtwvvlesqhrzwmwbnnnl/Build/Intermediates.noindex/SmartWarehouseAI.build/Debug-iphonesimulator/SmartWarehouseAI.build/Objects-normal/arm64/SmartWarehouseAI.swiftsourceinfo /Users/rn/Library/Developer/Xcode/DerivedData/SmartWarehouseAI-eshffexihtwvvlesqhrzwmwbnnnl/Build/Products/Debug-iphonesimulator/SmartWarehouseAI.swiftmodule/Project/arm64-apple-ios-simulator.swiftsourceinfo

SwiftDriverJobDiscovery normal arm64 Compiling PDFParserTypes.swift, TableBasedPDFParser.swift (in target 'SmartWarehouseAI' from project 'SmartWarehouseAI')

SwiftDriverJobDiscovery normal arm64 Compiling KitService.swift, InventoryLogic.swift (in target 'SmartWarehouseAI' from project 'SmartWarehouseAI')

SwiftDriverJobDiscovery normal arm64 Compiling DashboardView.swift, ItemsView.swift, InventoryView.swift (in target 'SmartWarehouseAI' from project 'SmartWarehouseAI')

SwiftDriverJobDiscovery normal arm64 Compiling OCRBasedPDFParser.swift, PDFImportService.swift (in target 'SmartWarehouseAI' from project 'SmartWarehouseAI')

SwiftDriverJobDiscovery normal arm64 Compiling SearchView.swift, SettingsView.swift, DatabaseManager.swift (in target 'SmartWarehouseAI' from project 'SmartWarehouseAI')

SwiftCompile normal arm64 Compiling\ VectorStore.swift /Users/rn/Project/swai/SmartWarehouseAI/SmartWarehouseAI/Core/Search/VectorStore.swift (in target 'SmartWarehouseAI' from project 'SmartWarehouseAI')

SwiftCompile normal arm64 /Users/rn/Project/swai/SmartWarehouseAI/SmartWarehouseAI/Core/Search/VectorStore.swift (in target 'SmartWarehouseAI' from project 'SmartWarehouseAI')
    cd /Users/rn/Project/swai/SmartWarehouseAI
    

SwiftCompile normal arm64 Compiling\ SearchViewModel.swift /Users/rn/Project/swai/SmartWarehouseAI/SmartWarehouseAI/UI/SearchViewModel.swift (in target 'SmartWarehouseAI' from project 'SmartWarehouseAI')

SwiftCompile normal arm64 /Users/rn/Project/swai/SmartWarehouseAI/SmartWarehouseAI/UI/SearchViewModel.swift (in target 'SmartWarehouseAI' from project 'SmartWarehouseAI')
    cd /Users/rn/Project/swai/SmartWarehouseAI
    

SwiftCompile normal arm64 Compiling\ SearchService.swift /Users/rn/Project/swai/SmartWarehouseAI/SmartWarehouseAI/Core/Search/SearchService.swift (in target 'SmartWarehouseAI' from project 'SmartWarehouseAI')

SwiftCompile normal arm64 /Users/rn/Project/swai/SmartWarehouseAI/SmartWarehouseAI/Core/Search/SearchService.swift (in target 'SmartWarehouseAI' from project 'SmartWarehouseAI')
    cd /Users/rn/Project/swai/SmartWarehouseAI
    

SwiftDriverJobDiscovery normal arm64 Compiling PDFImportView.swift, FTS5Search.swift (in target 'SmartWarehouseAI' from project 'SmartWarehouseAI')

SwiftDriverJobDiscovery normal arm64 Compiling SearchViewModel.swift (in target 'SmartWarehouseAI' from project 'SmartWarehouseAI')

SwiftDriverJobDiscovery normal arm64 Compiling SearchService.swift (in target 'SmartWarehouseAI' from project 'SmartWarehouseAI')

SwiftDriverJobDiscovery normal arm64 Compiling VectorStore.swift (in target 'SmartWarehouseAI' from project 'SmartWarehouseAI')

SwiftDriver\ Compilation SmartWarehouseAI normal arm64 com.apple.xcode.tools.swift.compiler (in target 'SmartWarehouseAI' from project 'SmartWarehouseAI')
    cd /Users/rn/Project/swai/SmartWarehouseAI
    builtin-Swift-Compilation -- /Applications/Xcode.app/Contents/Developer/Toolchains/XcodeDefault.xctoolchain/usr/bin/swiftc -module-name SmartWarehouseAI -Onone -enforce-exclusivity\=checked @/Users/rn/Library/Developer/Xcode/DerivedData/SmartWarehouseAI-eshffexihtwvvlesqhrzwmwbnnnl/Build/Intermediates.noindex/SmartWarehouseAI.build/Debug-iphonesimulator/SmartWarehouseAI.build/Objects-normal/arm64/SmartWarehouseAI.SwiftFileList -DDEBUG -Xcc -fmodule-map-file\=/Users/rn/Library/Developer/Xcode/DerivedData/SmartWarehouseAI-eshffexihtwvvlesqhrzwmwbnnnl/SourcePackages/checkouts/GRDB.swift/Sources/CSQLite/module.modulemap -enable-bare-slash-regex -enable-experimental-feature DebugDescriptionMacro -sdk /Applications/Xcode.app/Contents/Developer/Platforms/iPhoneSimulator.platform/Developer/SDKs/iPhoneSimulator26.0.sdk -target arm64-apple-ios15.0-simulator -g -module-cache-path /Users/rn/Library/Developer/Xcode/DerivedData/ModuleCache.noindex -Xfrontend -serialize-debugging-options -enable-testing -index-store-path /Users/rn/Library/Developer/Xcode/DerivedData/SmartWarehouseAI-eshffexihtwvvlesqhrzwmwbnnnl/Index.noindex/DataStore -Xcc -D_LIBCPP_HARDENING_MODE\=_LIBCPP_HARDENING_MODE_DEBUG -swift-version 5 -I /Users/rn/Library/Developer/Xcode/DerivedData/SmartWarehouseAI-eshffexihtwvvlesqhrzwmwbnnnl/Build/Products/Debug-iphonesimulator -F /Users/rn/Library/Developer/Xcode/DerivedData/SmartWarehouseAI-eshffexihtwvvlesqhrzwmwbnnnl/Build/Products/Debug-iphonesimulator/PackageFrameworks -F /Users/rn/Library/Developer/Xcode/DerivedData/SmartWarehouseAI-eshffexihtwvvlesqhrzwmwbnnnl/Build/Products/Debug-iphonesimulator/PackageFrameworks -F /Users/rn/Library/Developer/Xcode/DerivedData/SmartWarehouseAI-eshffexihtwvvlesqhrzwmwbnnnl/Build/Products/Debug-iphonesimulator -emit-localized-strings -emit-localized-strings-path /Users/rn/Library/Developer/Xcode/DerivedData/SmartWarehouseAI-eshffexihtwvvlesqhrzwmwbnnnl/Build/Intermediates.noindex/SmartWarehouseAI.build/Debug-iphonesimulator/SmartWarehouseAI.build/Objects-normal/arm64 -c -j10 -enable-batch-mode -incremental -Xcc -ivfsstatcache -Xcc /Users/rn/Library/Developer/Xcode/DerivedData/SDKStatCaches.noindex/iphonesimulator26.0-23A339-26257891a6c027eb51374368541b8346.sdkstatcache -output-file-map /Users/rn/Library/Developer/Xcode/DerivedData/SmartWarehouseAI-eshffexihtwvvlesqhrzwmwbnnnl/Build/Intermediates.noindex/SmartWarehouseAI.build/Debug-iphonesimulator/SmartWarehouseAI.build/Objects-normal/arm64/SmartWarehouseAI-OutputFileMap.json -use-frontend-parseable-output -save-temps -no-color-diagnostics -explicit-module-build -module-cache-path /Users/rn/Library/Developer/Xcode/DerivedData/SmartWarehouseAI-eshffexihtwvvlesqhrzwmwbnnnl/Build/Intermediates.noindex/SwiftExplicitPrecompiledModules -clang-scanner-module-cache-path /Users/rn/Library/Developer/Xcode/DerivedData/ModuleCache.noindex -sdk-module-cache-path /Users/rn/Library/Developer/Xcode/DerivedData/ModuleCache.noindex -serialize-diagnostics -emit-dependencies -emit-module -emit-module-path /Users/rn/Library/Developer/Xcode/DerivedData/SmartWarehouseAI-eshffexihtwvvlesqhrzwmwbnnnl/Build/Intermediates.noindex/SmartWarehouseAI.build/Debug-iphonesimulator/SmartWarehouseAI.build/Objects-normal/arm64/SmartWarehouseAI.swiftmodule -validate-clang-modules-once -clang-build-session-file /Users/rn/Library/Developer/Xcode/DerivedData/ModuleCache.noindex/Session.modulevalidation -Xcc -I/Users/rn/Library/Developer/Xcode/DerivedData/SmartWarehouseAI-eshffexihtwvvlesqhrzwmwbnnnl/Build/Intermediates.noindex/SmartWarehouseAI.build/Debug-iphonesimulator/SmartWarehouseAI.build/swift-overrides.hmap -emit-const-values -Xfrontend -const-gather-protocols-file -Xfrontend /Users/rn/Library/Developer/Xcode/DerivedData/SmartWarehouseAI-eshffexihtwvvlesqhrzwmwbnnnl/Build/Intermediates.noindex/SmartWarehouseAI.build/Debug-iphonesimulator/SmartWarehouseAI.build/Objects-normal/arm64/SmartWarehouseAI_const_extract_protocols.json -Xcc -iquote -Xcc /Users/rn/Library/Developer/Xcode/DerivedData/SmartWarehouseAI-eshffexihtwvvlesqhrzwmwbnnnl/Build/Intermediates.noindex/SmartWarehouseAI.build/Debug-iphonesimulator/SmartWarehouseAI.build/SmartWarehouseAI-generated-files.hmap -Xcc -I/Users/rn/Library/Developer/Xcode/DerivedData/SmartWarehouseAI-eshffexihtwvvlesqhrzwmwbnnnl/Build/Intermediates.noindex/SmartWarehouseAI.build/Debug-iphonesimulator/SmartWarehouseAI.build/SmartWarehouseAI-own-target-headers.hmap -Xcc -I/Users/rn/Library/Developer/Xcode/DerivedData/SmartWarehouseAI-eshffexihtwvvlesqhrzwmwbnnnl/Build/Intermediates.noindex/SmartWarehouseAI.build/Debug-iphonesimulator/SmartWarehouseAI.build/SmartWarehouseAI-all-non-framework-target-headers.hmap -Xcc -ivfsoverlay -Xcc /Users/rn/Library/Developer/Xcode/DerivedData/SmartWarehouseAI-eshffexihtwvvlesqhrzwmwbnnnl/Build/Intermediates.noindex/SmartWarehouseAI.build/Debug-iphonesimulator/SmartWarehouseAI-68b7b432578c4247c567003edbdaf3af-VFS-iphonesimulator/all-product-headers.yaml -Xcc -iquote -Xcc /Users/rn/Library/Developer/Xcode/DerivedData/SmartWarehouseAI-eshffexihtwvvlesqhrzwmwbnnnl/Build/Intermediates.noindex/SmartWarehouseAI.build/Debug-iphonesimulator/SmartWarehouseAI.build/SmartWarehouseAI-project-headers.hmap -Xcc -I/Users/rn/Library/Developer/Xcode/DerivedData/SmartWarehouseAI-eshffexihtwvvlesqhrzwmwbnnnl/Build/Products/Debug-iphonesimulator/include -Xcc -I/Users/rn/Library/Developer/Xcode/DerivedData/SmartWarehouseAI-eshffexihtwvvlesqhrzwmwbnnnl/Build/Intermediates.noindex/SmartWarehouseAI.build/Debug-iphonesimulator/SmartWarehouseAI.build/DerivedSources-normal/arm64 -Xcc -I/Users/rn/Library/Developer/Xcode/DerivedData/SmartWarehouseAI-eshffexihtwvvlesqhrzwmwbnnnl/Build/Intermediates.noindex/SmartWarehouseAI.build/Debug-iphonesimulator/SmartWarehouseAI.build/DerivedSources/arm64 -Xcc -I/Users/rn/Library/Developer/Xcode/DerivedData/SmartWarehouseAI-eshffexihtwvvlesqhrzwmwbnnnl/Build/Intermediates.noindex/SmartWarehouseAI.build/Debug-iphonesimulator/SmartWarehouseAI.build/DerivedSources -Xcc -DDEBUG\=1 -emit-objc-header -emit-objc-header-path /Users/rn/Library/Developer/Xcode/DerivedData/SmartWarehouseAI-eshffexihtwvvlesqhrzwmwbnnnl/Build/Intermediates.noindex/SmartWarehouseAI.build/Debug-iphonesimulator/SmartWarehouseAI.build/Objects-normal/arm64/SmartWarehouseAI-Swift.h -working-directory /Users/rn/Project/swai/SmartWarehouseAI -experimental-emit-module-separately -disable-cmo

Ld /Users/rn/Library/Developer/Xcode/DerivedData/SmartWarehouseAI-eshffexihtwvvlesqhrzwmwbnnnl/Build/Products/Debug-iphonesimulator/SmartWarehouseAI.app/SmartWarehouseAI.debug.dylib normal (in target 'SmartWarehouseAI' from project 'SmartWarehouseAI')
    cd /Users/rn/Project/swai/SmartWarehouseAI
    /Applications/Xcode.app/Contents/Developer/Toolchains/XcodeDefault.xctoolchain/usr/bin/clang -Xlinker -reproducible -target arm64-apple-ios15.0-simulator -dynamiclib -isysroot /Applications/Xcode.app/Contents/Developer/Platforms/iPhoneSimulator.platform/Developer/SDKs/iPhoneSimulator26.0.sdk -O0 -L/Users/rn/Library/Developer/Xcode/DerivedData/SmartWarehouseAI-eshffexihtwvvlesqhrzwmwbnnnl/Build/Intermediates.noindex/EagerLinkingTBDs/Debug-iphonesimulator -L/Users/rn/Library/Developer/Xcode/DerivedData/SmartWarehouseAI-eshffexihtwvvlesqhrzwmwbnnnl/Build/Products/Debug-iphonesimulator -F/Users/rn/Library/Developer/Xcode/DerivedData/SmartWarehouseAI-eshffexihtwvvlesqhrzwmwbnnnl/Build/Intermediates.noindex/EagerLinkingTBDs/Debug-iphonesimulator -F/Users/rn/Library/Developer/Xcode/DerivedData/SmartWarehouseAI-eshffexihtwvvlesqhrzwmwbnnnl/Build/Products/Debug-iphonesimulator/PackageFrameworks -F/Users/rn/Library/Developer/Xcode/DerivedData/SmartWarehouseAI-eshffexihtwvvlesqhrzwmwbnnnl/Build/Products/Debug-iphonesimulator/PackageFrameworks -F/Users/rn/Library/Developer/Xcode/DerivedData/SmartWarehouseAI-eshffexihtwvvlesqhrzwmwbnnnl/Build/Products/Debug-iphonesimulator -filelist /Users/rn/Library/Developer/Xcode/DerivedData/SmartWarehouseAI-eshffexihtwvvlesqhrzwmwbnnnl/Build/Intermediates.noindex/SmartWarehouseAI.build/Debug-iphonesimulator/SmartWarehouseAI.build/Objects-normal/arm64/SmartWarehouseAI.LinkFileList -install_name @rpath/SmartWarehouseAI.debug.dylib -Xlinker -rpath -Xlinker /usr/lib/swift -Xlinker -rpath -Xlinker /Users/rn/Library/Developer/Xcode/DerivedData/SmartWarehouseAI-eshffexihtwvvlesqhrzwmwbnnnl/Build/Products/Debug-iphonesimulator/PackageFrameworks -Xlinker -rpath -Xlinker @executable_path/Frameworks -dead_strip -Xlinker -object_path_lto -Xlinker /Users/rn/Library/Developer/Xcode/DerivedData/SmartWarehouseAI-eshffexihtwvvlesqhrzwmwbnnnl/Build/Intermediates.noindex/SmartWarehouseAI.build/Debug-iphonesimulator/SmartWarehouseAI.build/Objects-normal/arm64/SmartWarehouseAI_lto.o -rdynamic -Xlinker -no_deduplicate -Xlinker -objc_abi_version -Xlinker 2 -Xlinker -dependency_info -Xlinker /Users/rn/Library/Developer/Xcode/DerivedData/SmartWarehouseAI-eshffexihtwvvlesqhrzwmwbnnnl/Build/Intermediates.noindex/SmartWarehouseAI.build/Debug-iphonesimulator/SmartWarehouseAI.build/Objects-normal/arm64/SmartWarehouseAI_dependency_info.dat -fobjc-link-runtime -L/Applications/Xcode.app/Contents/Developer/Toolchains/XcodeDefault.xctoolchain/usr/lib/swift/iphonesimulator -L/usr/lib/swift -Xlinker -add_ast_path -Xlinker /Users/rn/Library/Developer/Xcode/DerivedData/SmartWarehouseAI-eshffexihtwvvlesqhrzwmwbnnnl/Build/Intermediates.noindex/SmartWarehouseAI.build/Debug-iphonesimulator/SmartWarehouseAI.build/Objects-normal/arm64/SmartWarehouseAI.swiftmodule @/Users/rn/Library/Developer/Xcode/DerivedData/SmartWarehouseAI-eshffexihtwvvlesqhrzwmwbnnnl/Build/Intermediates.noindex/SmartWarehouseAI.build/Debug-iphonesimulator/SmartWarehouseAI.build/Objects-normal/arm64/SmartWarehouseAI-linker-args.resp -Wl,-no_warn_duplicate_libraries -Wl,-no_warn_duplicate_libraries -Xlinker -alias -Xlinker _main -Xlinker ___debug_main_executable_dylib_entry_point -Xlinker -no_adhoc_codesign -o /Users/rn/Library/Developer/Xcode/DerivedData/SmartWarehouseAI-eshffexihtwvvlesqhrzwmwbnnnl/Build/Products/Debug-iphonesimulator/SmartWarehouseAI.app/SmartWarehouseAI.debug.dylib -Xlinker -add_ast_path -Xlinker /Users/rn/Library/Developer/Xcode/DerivedData/SmartWarehouseAI-eshffexihtwvvlesqhrzwmwbnnnl/Build/Intermediates.noindex/GRDB.build/Debug-iphonesimulator/GRDB.build/Objects-normal/arm64/GRDB.swiftmodule @/Users/rn/Library/Developer/Xcode/DerivedData/SmartWarehouseAI-eshffexihtwvvlesqhrzwmwbnnnl/Build/Intermediates.noindex/GRDB.build/Debug-iphonesimulator/GRDB.build/Objects-normal/arm64/GRDB-linker-args.resp -Xlinker -add_ast_path -Xlinker /Users/rn/Library/Developer/Xcode/DerivedData/SmartWarehouseAI-eshffexihtwvvlesqhrzwmwbnnnl/Build/Intermediates.noindex/ZIPFoundation.build/Debug-iphonesimulator/ZIPFoundation.build/Objects-normal/arm64/ZIPFoundation.swiftmodule @/Users/rn/Library/Developer/Xcode/DerivedData/SmartWarehouseAI-eshffexihtwvvlesqhrzwmwbnnnl/Build/Intermediates.noindex/ZIPFoundation.build/Debug-iphonesimulator/ZIPFoundation.build/Objects-normal/arm64/ZIPFoundation-linker-args.resp

ConstructStubExecutorLinkFileList /Users/rn/Library/Developer/Xcode/DerivedData/SmartWarehouseAI-eshffexihtwvvlesqhrzwmwbnnnl/Build/Intermediates.noindex/SmartWarehouseAI.build/Debug-iphonesimulator/SmartWarehouseAI.build/SmartWarehouseAI-ExecutorLinkFileList-normal-arm64.txt (in target 'SmartWarehouseAI' from project 'SmartWarehouseAI')
    cd /Users/rn/Project/swai/SmartWarehouseAI
    construct-stub-executor-link-file-list /Users/rn/Library/Developer/Xcode/DerivedData/SmartWarehouseAI-eshffexihtwvvlesqhrzwmwbnnnl/Build/Products/Debug-iphonesimulator/SmartWarehouseAI.app/SmartWarehouseAI.debug.dylib /Applications/Xcode.app/Contents/Developer/Platforms/iPhoneSimulator.platform/Developer/usr/lib/libPreviewsJITStubExecutor_no_swift_entry_point.a /Applications/Xcode.app/Contents/Developer/Platforms/iPhoneSimulator.platform/Developer/usr/lib/libPreviewsJITStubExecutor.a --output /Users/rn/Library/Developer/Xcode/DerivedData/SmartWarehouseAI-eshffexihtwvvlesqhrzwmwbnnnl/Build/Intermediates.noindex/SmartWarehouseAI.build/Debug-iphonesimulator/SmartWarehouseAI.build/SmartWarehouseAI-ExecutorLinkFileList-normal-arm64.txt
note: Using stub executor library with Swift entry point. (in target 'SmartWarehouseAI' from project 'SmartWarehouseAI')

Ld /Users/rn/Library/Developer/Xcode/DerivedData/SmartWarehouseAI-eshffexihtwvvlesqhrzwmwbnnnl/Build/Products/Debug-iphonesimulator/SmartWarehouseAI.app/SmartWarehouseAI normal (in target 'SmartWarehouseAI' from project 'SmartWarehouseAI')
    cd /Users/rn/Project/swai/SmartWarehouseAI
    /Applications/Xcode.app/Contents/Developer/Toolchains/XcodeDefault.xctoolchain/usr/bin/clang -Xlinker -reproducible -target arm64-apple-ios15.0-simulator -isysroot /Applications/Xcode.app/Contents/Developer/Platforms/iPhoneSimulator.platform/Developer/SDKs/iPhoneSimulator26.0.sdk -O0 -L/Users/rn/Library/Developer/Xcode/DerivedData/SmartWarehouseAI-eshffexihtwvvlesqhrzwmwbnnnl/Build/Products/Debug-iphonesimulator -F/Users/rn/Library/Developer/Xcode/DerivedData/SmartWarehouseAI-eshffexihtwvvlesqhrzwmwbnnnl/Build/Products/Debug-iphonesimulator/PackageFrameworks -F/Users/rn/Library/Developer/Xcode/DerivedData/SmartWarehouseAI-eshffexihtwvvlesqhrzwmwbnnnl/Build/Products/Debug-iphonesimulator/PackageFrameworks -F/Users/rn/Library/Developer/Xcode/DerivedData/SmartWarehouseAI-eshffexihtwvvlesqhrzwmwbnnnl/Build/Products/Debug-iphonesimulator -Xlinker -rpath -Xlinker @executable_path -Xlinker -rpath -Xlinker /Users/rn/Library/Developer/Xcode/DerivedData/SmartWarehouseAI-eshffexihtwvvlesqhrzwmwbnnnl/Build/Products/Debug-iphonesimulator/PackageFrameworks -Xlinker -rpath -Xlinker @executable_path/Frameworks -rdynamic -Xlinker -no_deduplicate -Xlinker -objc_abi_version -Xlinker 2 -e ___debug_blank_executor_main -Xlinker -sectcreate -Xlinker __TEXT -Xlinker __debug_dylib -Xlinker /Users/rn/Library/Developer/Xcode/DerivedData/SmartWarehouseAI-eshffexihtwvvlesqhrzwmwbnnnl/Build/Intermediates.noindex/SmartWarehouseAI.build/Debug-iphonesimulator/SmartWarehouseAI.build/SmartWarehouseAI-DebugDylibPath-normal-arm64.txt -Xlinker -sectcreate -Xlinker __TEXT -Xlinker __debug_instlnm -Xlinker /Users/rn/Library/Developer/Xcode/DerivedData/SmartWarehouseAI-eshffexihtwvvlesqhrzwmwbnnnl/Build/Intermediates.noindex/SmartWarehouseAI.build/Debug-iphonesimulator/SmartWarehouseAI.build/SmartWarehouseAI-DebugDylibInstallName-normal-arm64.txt -Xlinker -filelist -Xlinker /Users/rn/Library/Developer/Xcode/DerivedData/SmartWarehouseAI-eshffexihtwvvlesqhrzwmwbnnnl/Build/Intermediates.noindex/SmartWarehouseAI.build/Debug-iphonesimulator/SmartWarehouseAI.build/SmartWarehouseAI-ExecutorLinkFileList-normal-arm64.txt -Xlinker -sectcreate -Xlinker __TEXT -Xlinker __entitlements -Xlinker /Users/rn/Library/Developer/Xcode/DerivedData/SmartWarehouseAI-eshffexihtwvvlesqhrzwmwbnnnl/Build/Intermediates.noindex/SmartWarehouseAI.build/Debug-iphonesimulator/SmartWarehouseAI.build/SmartWarehouseAI.app-Simulated.xcent -Xlinker -sectcreate -Xlinker __TEXT -Xlinker __ents_der -Xlinker /Users/rn/Library/Developer/Xcode/DerivedData/SmartWarehouseAI-eshffexihtwvvlesqhrzwmwbnnnl/Build/Intermediates.noindex/SmartWarehouseAI.build/Debug-iphonesimulator/SmartWarehouseAI.build/SmartWarehouseAI.app-Simulated.xcent.der /Users/rn/Library/Developer/Xcode/DerivedData/SmartWarehouseAI-eshffexihtwvvlesqhrzwmwbnnnl/Build/Products/Debug-iphonesimulator/SmartWarehouseAI.app/SmartWarehouseAI.debug.dylib -Xlinker -no_adhoc_codesign -o /Users/rn/Library/Developer/Xcode/DerivedData/SmartWarehouseAI-eshffexihtwvvlesqhrzwmwbnnnl/Build/Products/Debug-iphonesimulator/SmartWarehouseAI.app/SmartWarehouseAI

CopySwiftLibs /Users/rn/Library/Developer/Xcode/DerivedData/SmartWarehouseAI-eshffexihtwvvlesqhrzwmwbnnnl/Build/Products/Debug-iphonesimulator/SmartWarehouseAI.app (in target 'SmartWarehouseAI' from project 'SmartWarehouseAI')
    cd /Users/rn/Project/swai/SmartWarehouseAI
    builtin-swiftStdLibTool --copy --verbose --sign - --scan-executable /Users/rn/Library/Developer/Xcode/DerivedData/SmartWarehouseAI-eshffexihtwvvlesqhrzwmwbnnnl/Build/Products/Debug-iphonesimulator/SmartWarehouseAI.app/SmartWarehouseAI.debug.dylib --scan-folder /Users/rn/Library/Developer/Xcode/DerivedData/SmartWarehouseAI-eshffexihtwvvlesqhrzwmwbnnnl/Build/Products/Debug-iphonesimulator/SmartWarehouseAI.app/Frameworks --scan-folder /Users/rn/Library/Developer/Xcode/DerivedData/SmartWarehouseAI-eshffexihtwvvlesqhrzwmwbnnnl/Build/Products/Debug-iphonesimulator/SmartWarehouseAI.app/PlugIns --scan-folder /Users/rn/Library/Developer/Xcode/DerivedData/SmartWarehouseAI-eshffexihtwvvlesqhrzwmwbnnnl/Build/Products/Debug-iphonesimulator/SmartWarehouseAI.app/SystemExtensions --scan-folder /Users/rn/Library/Developer/Xcode/DerivedData/SmartWarehouseAI-eshffexihtwvvlesqhrzwmwbnnnl/Build/Products/Debug-iphonesimulator/SmartWarehouseAI.app/Extensions --platform iphonesimulator --toolchain /Applications/Xcode.app/Contents/Developer/Toolchains/XcodeDefault.xctoolchain --destination /Users/rn/Library/Developer/Xcode/DerivedData/SmartWarehouseAI-eshffexihtwvvlesqhrzwmwbnnnl/Build/Products/Debug-iphonesimulator/SmartWarehouseAI.app/Frameworks --strip-bitcode --strip-bitcode-tool /Applications/Xcode.app/Contents/Developer/Toolchains/XcodeDefault.xctoolchain/usr/bin/bitcode_strip --emit-dependency-info /Users/rn/Library/Developer/Xcode/DerivedData/SmartWarehouseAI-eshffexihtwvvlesqhrzwmwbnnnl/Build/Intermediates.noindex/SmartWarehouseAI.build/Debug-iphonesimulator/SmartWarehouseAI.build/SwiftStdLibToolInputDependencies.dep --filter-for-swift-os

ExtractAppIntentsMetadata (in target 'SmartWarehouseAI' from project 'SmartWarehouseAI')
    cd /Users/rn/Project/swai/SmartWarehouseAI
    /Applications/Xcode.app/Contents/Developer/Toolchains/XcodeDefault.xctoolchain/usr/bin/appintentsmetadataprocessor --toolchain-dir /Applications/Xcode.app/Contents/Developer/Toolchains/XcodeDefault.xctoolchain --module-name SmartWarehouseAI --sdk-root /Applications/Xcode.app/Contents/Developer/Platforms/iPhoneSimulator.platform/Developer/SDKs/iPhoneSimulator26.0.sdk --xcode-version 17A400 --platform-family iOS --deployment-target 15.0 --bundle-identifier com.smartwarehouse.ai --output /Users/rn/Library/Developer/Xcode/DerivedData/SmartWarehouseAI-eshffexihtwvvlesqhrzwmwbnnnl/Build/Products/Debug-iphonesimulator/SmartWarehouseAI.app --target-triple arm64-apple-ios15.0-simulator --binary-file /Users/rn/Library/Developer/Xcode/DerivedData/SmartWarehouseAI-eshffexihtwvvlesqhrzwmwbnnnl/Build/Products/Debug-iphonesimulator/SmartWarehouseAI.app/SmartWarehouseAI --dependency-file /Users/rn/Library/Developer/Xcode/DerivedData/SmartWarehouseAI-eshffexihtwvvlesqhrzwmwbnnnl/Build/Intermediates.noindex/SmartWarehouseAI.build/Debug-iphonesimulator/SmartWarehouseAI.build/Objects-normal/arm64/SmartWarehouseAI_dependency_info.dat --stringsdata-file /Users/rn/Library/Developer/Xcode/DerivedData/SmartWarehouseAI-eshffexihtwvvlesqhrzwmwbnnnl/Build/Intermediates.noindex/SmartWarehouseAI.build/Debug-iphonesimulator/SmartWarehouseAI.build/Objects-normal/arm64/ExtractedAppShortcutsMetadata.stringsdata --source-file-list /Users/rn/Library/Developer/Xcode/DerivedData/SmartWarehouseAI-eshffexihtwvvlesqhrzwmwbnnnl/Build/Intermediates.noindex/SmartWarehouseAI.build/Debug-iphonesimulator/SmartWarehouseAI.build/Objects-normal/arm64/SmartWarehouseAI.SwiftFileList --metadata-file-list /Users/rn/Library/Developer/Xcode/DerivedData/SmartWarehouseAI-eshffexihtwvvlesqhrzwmwbnnnl/Build/Intermediates.noindex/SmartWarehouseAI.build/Debug-iphonesimulator/SmartWarehouseAI.build/SmartWarehouseAI.DependencyMetadataFileList --static-metadata-file-list /Users/rn/Library/Developer/Xcode/DerivedData/SmartWarehouseAI-eshffexihtwvvlesqhrzwmwbnnnl/Build/Intermediates.noindex/SmartWarehouseAI.build/Debug-iphonesimulator/SmartWarehouseAI.build/SmartWarehouseAI.DependencyStaticMetadataFileList --swift-const-vals-list /Users/rn/Library/Developer/Xcode/DerivedData/SmartWarehouseAI-eshffexihtwvvlesqhrzwmwbnnnl/Build/Intermediates.noindex/SmartWarehouseAI.build/Debug-iphonesimulator/SmartWarehouseAI.build/Objects-normal/arm64/SmartWarehouseAI.SwiftConstValuesFileList --compile-time-extraction --deployment-aware-processing --validate-assistant-intents --no-app-shortcuts-localization
2025-10-06 05:17:27.088 appintentsmetadataprocessor[71896:5558847] Starting appintentsmetadataprocessor export
2025-10-06 05:17:27.089 appintentsmetadataprocessor[71896:5558847] warning: Metadata extraction skipped. No AppIntents.framework dependency found.

CodeSign /Users/rn/Library/Developer/Xcode/DerivedData/SmartWarehouseAI-eshffexihtwvvlesqhrzwmwbnnnl/Build/Products/Debug-iphonesimulator/SmartWarehouseAI.app/SmartWarehouseAI.debug.dylib (in target 'SmartWarehouseAI' from project 'SmartWarehouseAI')
    cd /Users/rn/Project/swai/SmartWarehouseAI
    
    Signing Identity:     "Sign to Run Locally"
    
    /usr/bin/codesign --force --sign - --timestamp\=none --generate-entitlement-der /Users/rn/Library/Developer/Xcode/DerivedData/SmartWarehouseAI-eshffexihtwvvlesqhrzwmwbnnnl/Build/Products/Debug-iphonesimulator/SmartWarehouseAI.app/SmartWarehouseAI.debug.dylib

CodeSign /Users/rn/Library/Developer/Xcode/DerivedData/SmartWarehouseAI-eshffexihtwvvlesqhrzwmwbnnnl/Build/Products/Debug-iphonesimulator/SmartWarehouseAI.app/__preview.dylib (in target 'SmartWarehouseAI' from project 'SmartWarehouseAI')
    cd /Users/rn/Project/swai/SmartWarehouseAI
    
    Signing Identity:     "Sign to Run Locally"
    
    /usr/bin/codesign --force --sign - --timestamp\=none --generate-entitlement-der /Users/rn/Library/Developer/Xcode/DerivedData/SmartWarehouseAI-eshffexihtwvvlesqhrzwmwbnnnl/Build/Products/Debug-iphonesimulator/SmartWarehouseAI.app/__preview.dylib

CodeSign /Users/rn/Library/Developer/Xcode/DerivedData/SmartWarehouseAI-eshffexihtwvvlesqhrzwmwbnnnl/Build/Products/Debug-iphonesimulator/SmartWarehouseAI.app (in target 'SmartWarehouseAI' from project 'SmartWarehouseAI')
    cd /Users/rn/Project/swai/SmartWarehouseAI
    
    Signing Identity:     "Sign to Run Locally"
    
    /usr/bin/codesign --force --sign - --timestamp\=none --generate-entitlement-der /Users/rn/Library/Developer/Xcode/DerivedData/SmartWarehouseAI-eshffexihtwvvlesqhrzwmwbnnnl/Build/Products/Debug-iphonesimulator/SmartWarehouseAI.app

Validate /Users/rn/Library/Developer/Xcode/DerivedData/SmartWarehouseAI-eshffexihtwvvlesqhrzwmwbnnnl/Build/Products/Debug-iphonesimulator/SmartWarehouseAI.app (in target 'SmartWarehouseAI' from project 'SmartWarehouseAI')
    cd /Users/rn/Project/swai/SmartWarehouseAI
    builtin-validationUtility /Users/rn/Library/Developer/Xcode/DerivedData/SmartWarehouseAI-eshffexihtwvvlesqhrzwmwbnnnl/Build/Products/Debug-iphonesimulator/SmartWarehouseAI.app -shallow-bundle -infoplist-subpath Info.plist

** BUILD SUCCEEDED **

